
    Configuration for this experiment
    
        batchSize:128
        
        dimension:128
        
        nodeNum:20
        
        widHei:[1, 1]
        
        initCellTrain:False
        
        randomInit:False
        
        zeroCellInit:True
        
        detachCellState:False
        
        detachInterval:10
        
        useTanh:True
        
        size:0.08
        
        resolution:0.025
        
        clipNorm:True
        
        norm:1
        
        entropyCoef:0
        
        sum:False
        
        lPath:False
        
        actorDevice:cuda:0
        
        decay:0.96
        
        decayStep:5000
        
        loggingPath:./logs
        
        optim:
        
        	Actor:
            
        		name:adam
        
        		lr:0.001
        
        	Critic:
            
        		name:adam
        
        		lr:0.001
        
        agent:
        
        	Embedding:
            
        		module00:
            
        			netCat:CNN1D
        
        			iSize:2
        
        			nLayer:1
        
        			fSize:[1, -1]
        
        			nUnit:[128]
        
        			stride:[1]
        
        			act:['linear', 'linear', 'linear']
        
        			padding:[0]
        
        			BN:[True]
        
        			linear:True
        
        			input:[0]
        
        			prior:0
        
        			output:True
        
        	Encoder:
            
        		module00:
            
        			netCat:LSTMNET
        
        			iSize:128
        
        			nLayer:1
        
        			hiddenSize:128
        
        			FlattenMode:False
        
        			device:cuda:0
        
        			prior:0
        
        			input:[0]
        
        			output:True
        
        	Decoder:
            
        		module00:
            
        			netCat:LSTMNET
        
        			iSize:128
        
        			nLayer:1
        
        			hiddenSize:128
        
        			FlattenMode:False
        
        			device:cuda:0
        
        			prior:0
        
        			input:[0]
        
        			output:True
        
        	GDecoder:
            
        		module00:
            
        			netCat:MLP
        
        			nLayer:2
        
        			iSize:128
        
        			fSize:[128, 1]
        
        			act:['relu', 'linear']
        
        			prior:0
        
        			BN:False
        
        			input:[0]
        
        			output:True
        
